=== FUZZER-A R6 Stage 2 sheaf-beta ===
date: 2026-04-22  seed: 20260428  mpmath prec: 50
cwd: H:\NP Completeness Bunny UTAI study\connection_laplacian_lean\paper

--- n=6 envelope (exhaustive iso, sampled wraps) ---
  iso classes on n=6: 156  (built in 26.1s)
  [n=6] processed 200 configs, 0.2s
  [n=6] processed 400 configs, 0.4s
  [n=6] processed 600 configs, 0.6s
  [n=6] processed 800 configs, 0.8s
  [n=6] processed 1000 configs, 1.1s
  [n=6] processed 1200 configs, 1.3s
  [n=6] processed 1400 configs, 1.6s
  [n=6] processed 1600 configs, 1.8s
  [n=6] processed 1800 configs, 2.1s
  [n=6] processed 2000 configs, 2.5s
  [n=6] processed 2200 configs, 2.8s
  [n=6] processed 2400 configs, 3.2s
  [n=6] processed 2600 configs, 3.6s
  [n=6] processed 2800 configs, 4.0s
  [n=6] processed 3000 configs, 4.4s
  [n=6] processed 3200 configs, 4.8s
  [n=6] processed 3400 configs, 5.3s
  [n=6] done: 3507 configs in 5.7s

--- n=7 envelope (random sample, varied density) ---
  [n=7] processed 200 configs, 0.5s
  [n=7] done: 220 configs in 0.6s

--- mpmath prec=50 spot-checks on M6 ---
  n=6, m=8, |W|=3: OK  max mp diff = 2.842170943040401e-14
  n=6, m=9, |W|=4: OK  max mp diff = 2.1316282072803006e-14
  n=6, m=7, |W|=5: OK  max mp diff = 2.842170943040401e-14
  n=6, m=10, |W|=5: OK  max mp diff = 4.973799150320701e-14
  n=6, m=12, |W|=4: OK  max mp diff = 1.571908835734659e-14
  n=6, m=9, |W|=6: OK  max mp diff = 2.1316282072803006e-14

=== VERDICT TABLE ===
claim | tested | passed |   max rel diff | verdict
----------------------------------------------------------------------
M6   |   3727 |   3727 |      1.546e-15 | HOLDS
M7   |   3727 |   3727 |      9.700e-15 | HOLDS
B2   |   3727 |   3727 |      0.000e+00 | HOLDS
B14  |  29745 |  29745 |      1.000e+00 | HOLDS
B15  |  46990 |  46990 |      0.000e+00 | HOLDS
B16  |   2308 |   2308 |      2.827e+00 | HOLDS
G15  |   3727 |   3727 |      0.000e+00 | HOLDS
B9   |   3727 |   3727 |      0.000e+00 | HOLDS
B21  |   3727 |   3727 |      0.000e+00 | HOLDS

Results written to H:\NP Completeness Bunny UTAI study\connection_laplacian_lean\findings\round6\stage2_fuzzer_A\sheaf_beta\results.json
