[sheaf-gamma] enumerating connected iso-classes on n=6 ...
[sheaf-gamma] found 112 connected iso-classes
  [10/112] edges=7 beta1=2 dt=0.038s elapsed=33.3s
  [20/112] edges=7 beta1=2 dt=0.034s elapsed=33.8s
  [30/112] edges=8 beta1=3 dt=0.086s elapsed=34.2s
  [40/112] edges=8 beta1=3 dt=0.074s elapsed=34.7s
  [50/112] edges=8 beta1=3 dt=0.070s elapsed=35.8s
  [60/112] edges=8 beta1=3 dt=0.079s elapsed=37.0s
  [70/112] edges=9 beta1=4 dt=0.175s elapsed=38.6s
  [80/112] edges=10 beta1=5 dt=0.361s elapsed=43.6s
  [90/112] edges=10 beta1=5 dt=0.368s elapsed=45.8s
  [100/112] edges=10 beta1=5 dt=0.356s elapsed=52.0s
  [110/112] edges=13 beta1=8 dt=1.129s elapsed=61.7s
  [112/112] edges=15 beta1=10 dt=2.152s elapsed=65.3s

[sheaf-gamma] PER-CLAIM RESULTS
   G1   PASS  112/112  #switching-classes(G) = 2^{beta_1(G)}
   G2   PASS  112/112  parity |W cap gamma| on cycle basis is switching-invariant
   G3   PASS  138112/138112  G balanced iff every fundamental cycle has even |W cap gamma|
   G4   PASS  112/112  switching-class <-> parity vector on cycle basis is bijection
   G5   PASS  138112/138112  #epsilon witnesses = 2^{#pi_0} if all comps balanced else 0
  G12   PASS  5169152/5169152  beta(G,W) = beta(G, W xor delta(S))
  G13   PASS  112/112  #coboundaries = 2^{|V|-#pi_0}
  G14   PASS  112/112  |V|-|E| = #pi_0 - beta_1 (Euler)
  G18   PASS  112/112  #switching-classes = prod_i 2^{beta_1(C_i)}
  G21   PASS  112/112  #coboundaries * #switching-classes = 2^{|E|}
   M2   PASS  112/112  beta switching-invariance (merge: G12 + G2 + G3)
   M5   PASS  138112/138112  balance iff every cycle in cycle-space has even wrap-count

[sheaf-gamma] wrote results.json (112 iso-classes; total 65.31s)
