C:\Users\HAL900\AppData\Roaming\Python\Python313\site-packages\networkx\algorithms\graph_hashing.py:211: UserWarning: The hashes produced for graphs without node or edge attributes changed in v3.5 due to a bugfix (see documentation).
  node_labels = _init_node_labels(G, edge_attr, node_attr)
n=2: 2 non-iso graphs (exhaustive)
[n=2] graph 2/2 configs=3 t=0.0s maxCharpoly=2.13e-16
n=3: 4 non-iso graphs (exhaustive)
[n=3] graph 4/4 configs=15 t=0.0s maxCharpoly=1.72e-15
n=4: 11 non-iso graphs (exhaustive)
[n=4] graph 11/11 configs=163 t=0.1s maxCharpoly=3.41e-13
n=5: 34 non-iso graphs (exhaustive)
[n=5] graph 34/34 configs=3275 t=2.5s maxCharpoly=1.26e-10
n=6: 156 non-iso graphs (wrap cap 2048)
[n=6] graph 50/156 configs=1763 t=1.5s maxCharpoly=5.68e-12
[n=6] graph 100/156 configs=10723 t=9.5s maxCharpoly=5.68e-12
[n=6] graph 150/156 configs=61923 t=59.7s maxCharpoly=7.04e-10
[n=6] graph 156/156 configs=74211 t=71.9s maxCharpoly=2.52e-08
n=7: sampled 200 non-iso graphs (wrap cap 512)
[n=7] graph 50/200 configs=16867 t=19.5s maxCharpoly=9.09e-06
[n=7] graph 100/200 configs=36067 t=41.3s maxCharpoly=9.09e-06
[n=7] graph 150/200 configs=54171 t=62.1s maxCharpoly=9.09e-06
[n=7] graph 200/200 configs=73531 t=82.7s maxCharpoly=9.09e-06
n=8: sampled 120 non-iso graphs (wrap cap 256)
[n=8] graph 50/120 configs=10975 t=14.9s maxCharpoly=7.29e-03
[n=8] graph 100/120 configs=20651 t=27.6s maxCharpoly=7.29e-03
[n=8] graph 120/120 configs=24971 t=33.5s maxCharpoly=7.29e-03
Wrote results.json and report.md
{
  "totals": {
    "graphs": 527,
    "configs": 176169,
    "fail_counts": {
      "T1_spec": 0,
      "T1_trace": 0,
      "T1_det": 0,
      "T2_ker": 0,
      "T2_split": 0,
      "T3_fiber": 0,
      "T4_balance_cross": 0,
      "T5_zero_mult": 0,
      "T6_mult_per_eig": 0,
      "T7_signed_ker": 0,
      "B_cover_charpoly": 20,
      "C_mult_pointwise": 0,
      "D_tr_scalar_2e": 0,
      "D_tr_signed_2e": 0,
      "D_ker_bound": 0,
      "D_ker_diff_pi0": 0,
      "D_scalar_eq_pi0": 0,
      "D_all": 0
    },
    "max_charpoly_rel_diff_global": 0.007292658090591439,
    "wall_seconds": 197.95709943771362
  }
}
