Running claim_a1_nonbridge_nonwrap_delete ...
  tau = 0.9208  (12062/13100)
Running claim_a2_bridge_add_nonwrap ...
  tau = 1.0000  (17072/17072)
Running claim_a3_bridge_add_wrap ...
  tau = 1.0000  (17072/17072)
Running claim_a4_nonwrap_edge_swap ...
  tau = 0.8412  (14132/16800)
Running claim_a5_nonbridge_nonwrap_contract ...
  tau = 0.8461  (10766/12724)
Running claim_a6_wrap_contract_with_switch ...
  tau = 0.8505  (11138/13096)
Running claim_a7_iterated_subdivision_nonwrap ...
  tau = 1.0000  (796/796)
Running claim_a8_wrap_subdivide_even_wrap_count ...
  tau = 1.0000  (4776/4776)
Running claim_a9_add_two_nonwrap ...
  tau = 0.1711  (32/187)
Running claim_a10_add_commutator ...
  tau = 1.0000  (1680/1680)
Running claim_a11_W_bipartite_complement ...
  tau = 0.7512  (1531/2038)
Running claim_a12_theta_replace_nonwrap ...
  tau = 1.0000  (398/398)
Running claim_a13_switching_invariance ...
  tau = 1.0000  (17072/17072)
Running claim_a14_flip_single_edge_wrap ...
  tau = 0.8415  (22048/26200)

Wrote H:\NP Completeness Bunny UTAI study\connection_laplacian_lean\findings\round6\stage1_negator_A\sheaf_alpha\results.json

Ranked by tau:
  A10  tau=1.0000  (1680/ 1680)  Order of adding 2 edges is irrelevant for beta
  A12  tau=1.0000  (398/  398)  Theta-replacement of a NON-wrap edge by two non-wrap length-2 paths preserves beta
  A13  tau=1.0000  (17072/17072)  beta(G, W) == beta(G, switch_v W) for any vertex v
   A2  tau=1.0000  (17072/17072)  Adding a pendant non-wrap edge preserves beta
   A3  tau=1.0000  (17072/17072)  Adding a pendant wrap edge preserves beta
   A7  tau=1.0000  (796/  796)  Iterated k-fold subdivision of non-wrap edge preserves beta for k in {2,3}
   A8  tau=1.0000  (4776/ 4776)  Subdividing edge e (wrap or non-wrap) into k parts s.t. new-wrap-count has same parity as [e in W] preserves beta
   A1  tau=0.9208  (12062/13100)  beta(G,W) == beta(G-e,W) for non-bridge non-wrap e (any G)
   A6  tau=0.8505  (11138/13096)  Contract wrap edge e after switching at one endpoint preserves beta
   A5  tau=0.8461  (10766/12724)  Contracting a non-bridge non-wrap edge preserves beta
  A14  tau=0.8415  (22048/26200)  Flipping wrap status of a single non-bridge edge preserves beta
   A4  tau=0.8412  (14132/16800)  Non-wrap edge swap (remove e, add e') preserves beta when e, e' both non-wrap non-bridge and connectivity preserved
  A11  tau=0.7512  (1531/ 2038)  W bipartite (as a graph on V) implies beta(G,W) == beta(G, E\W)
   A9  tau=0.1711  (32/  187)  Adding 2 new non-wrap edges to G preserves beta
