C:\Users\HAL900\AppData\Roaming\Python\Python313\site-packages\networkx\algorithms\graph_hashing.py:211: UserWarning: The hashes produced for graphs without node or edge attributes changed in v3.5 due to a bugfix (see documentation).
  node_labels = _init_node_labels(G, edge_attr, node_attr)
[α n≤5 exhaustive] sweeping all labeled graphs, all W
  swept 59805 (G, W) configs in 461.1s
[α n=6 scale] sampling 350 connected graphs × 16 wrap subsets each
  got 350 graphs in 0.9s
   progress: graph 0/350, elapsed 1.0s
   progress: graph 50/350, elapsed 9.0s
   progress: graph 100/350, elapsed 16.9s
   progress: graph 150/350, elapsed 24.6s
   progress: graph 200/350, elapsed 32.3s
   progress: graph 250/350, elapsed 40.0s
   progress: graph 300/350, elapsed 48.1s
[ineq n≤5 exhaustive] A5', A6', L15, L15-rev on connected G
  swept 55892 connected (G, W) configs in 94.0s
[ineq n=6 random sample] target 2200 configs for A5'/A6'/L15
  sampled 2200 configs in 3.1s
[L15 n=6 direct] target 1500 configs
  sampled 1500 configs in 1.0s

Total elapsed: 615.0s

Results (ranked by τ then trials):
  A8         τ=1.0000  (1474848/1474848)  k-subdivision with parity-matching new wraps preserves β (k ∈ {2,3})
  A10        τ=1.0000  (985684/985684 )  Add-2-edges order-independent for β
  A2         τ=1.0000  (331842/331842 )  Pendant non-wrap add preserves β
  A3         τ=1.0000  (331842/331842 )  Pendant wrap add preserves β
  A13        τ=1.0000  (331842/331842 )  Vertex-switching invariance: β(G,W) = β(G, W △ δ(v))
  A12        τ=1.0000  (189241/189241 )  Theta-replacement of non-wrap edge preserves β
  L15        τ=1.0000  (183204/183204 )  β(G,W) ≤ β(G−e, W) for non-bridge non-wrap e (cross-check)
  L15-rev    τ=1.0000  (183204/183204 )  β(G−e, W) ≤ β(G,W) + 1 (reverse Lipschitz bound)
  A6'        τ=0.9557  (171994/179967 )  β(G,W) ≤ β(G/switched(e), W') for non-bridge wrap e
  A5'        τ=0.9557  (172005/179981 )  β(G,W) ≤ β(G/e, W') for non-bridge non-wrap e

Wrote H:\NP Completeness Bunny UTAI study\connection_laplacian_lean\findings\round6\stage2_fuzzer_A\sheaf_alpha\results.json

